Servidor en puerto 8888
Servidor en puerto 8888
/ metodo HTTP:GET
Mapeo de ruta es undefined
Ruta :htdocs/ true
/favicon.ico metodo HTTP:GET
Mapeo de ruta es undefined
Ruta :htdocs/favicon.ico false
/canvas.html metodo HTTP:GET
Mapeo de ruta es undefined
Ruta :htdocs/canvas.html true
Leyendo del pipe 
/js/canvas.js metodo HTTP:GET
Mapeo de ruta es undefined
Ruta :htdocs/js/canvas.js true
Leyendo del pipe 
/canvas.html metodo HTTP:GET
Mapeo de ruta es undefined
Ruta :htdocs/canvas.html true
Leyendo del pipe 
/js/canvas.js metodo HTTP:GET
Mapeo de ruta es undefined
Ruta :htdocs/js/canvas.js true
Leyendo del pipe 
/canvas.html metodo HTTP:GET
Mapeo de ruta es undefined
Ruta :htdocs/canvas.html true
Leyendo del pipe 
/js/canvas.js metodo HTTP:GET
Mapeo de ruta es undefined
Ruta :htdocs/js/canvas.js true
Leyendo del pipe 
/favicon.ico metodo HTTP:GET
Mapeo de ruta es undefined
Ruta :htdocs/favicon.ico false
Servidor en puerto 8888
/ metodo HTTP:GET
Mapeo de ruta es undefined
Ruta :htdocs/ true
/favicon.ico metodo HTTP:GET
Mapeo de ruta es undefined
Ruta :htdocs/favicon.ico false
/video.html metodo HTTP:GET
Mapeo de ruta es undefined
Ruta :htdocs/video.html true
Leyendo del pipe 
/video-js.css metodo HTTP:GET
Mapeo de ruta es undefined
Ruta :htdocs/video-js.css false
/js/video.js metodo HTTP:GET
Mapeo de ruta es undefined
Ruta :htdocs/js/video.js true
Leyendo del pipe 
/video.html metodo HTTP:GET
Mapeo de ruta es undefined
Ruta :htdocs/video.html true
Leyendo del pipe 
/css/video-js.css metodo HTTP:GET
Mapeo de ruta es undefined
Ruta :htdocs/css/video-js.css true
Leyendo del pipe 
/js/video.js metodo HTTP:GET
Mapeo de ruta es undefined
Ruta :htdocs/js/video.js true
Leyendo del pipe 
/css/font/vjs.woff metodo HTTP:GET
Mapeo de ruta es undefined
Ruta :htdocs/css/font/vjs.woff false
/css/font/vjs.ttf metodo HTTP:GET
Mapeo de ruta es undefined
Ruta :htdocs/css/font/vjs.ttf false
/video.html metodo HTTP:GET
Mapeo de ruta es undefined
Ruta :htdocs/video.html true
Leyendo del pipe 
/css/video-js.css metodo HTTP:GET
Mapeo de ruta es undefined
Ruta :htdocs/css/video-js.css true
Leyendo del pipe 
/js/video.js metodo HTTP:GET
Mapeo de ruta es undefined
Ruta :htdocs/js/video.js true
Leyendo del pipe 
/css/font/vjs.woff metodo HTTP:GET
Mapeo de ruta es undefined
Ruta :htdocs/css/font/vjs.woff false
/css/font/vjs.ttf metodo HTTP:GET
Mapeo de ruta es undefined
Ruta :htdocs/css/font/vjs.ttf false
/video.html metodo HTTP:GET
Mapeo de ruta es undefined
Ruta :htdocs/video.html true
Leyendo del pipe 
/css/video-js.css metodo HTTP:GET
Mapeo de ruta es undefined
Ruta :htdocs/css/video-js.css true
Leyendo del pipe 
/js/video.js metodo HTTP:GET
Mapeo de ruta es undefined
Ruta :htdocs/js/video.js true
Leyendo del pipe 
/css/font/vjs.woff metodo HTTP:GET
Mapeo de ruta es undefined
Ruta :htdocs/css/font/vjs.woff false
/css/font/vjs.ttf metodo HTTP:GET
Mapeo de ruta es undefined
Ruta :htdocs/css/font/vjs.ttf false
/video.html metodo HTTP:GET
Mapeo de ruta es undefined
Ruta :htdocs/video.html true
Leyendo del pipe 
/css/video-js.css metodo HTTP:GET
Mapeo de ruta es undefined
Ruta :htdocs/css/video-js.css true
Leyendo del pipe 
/js/video.js metodo HTTP:GET
Mapeo de ruta es undefined
Ruta :htdocs/js/video.js true
Leyendo del pipe 
/css/font/vjs.woff metodo HTTP:GET
Mapeo de ruta es undefined
Ruta :htdocs/css/font/vjs.woff false
/css/font/vjs.ttf metodo HTTP:GET
Mapeo de ruta es undefined
Ruta :htdocs/css/font/vjs.ttf false
/audio.html metodo HTTP:GET
Mapeo de ruta es undefined
Ruta :htdocs/audio.html true
Leyendo del pipe 
/js/audio.min.js metodo HTTP:GET
Mapeo de ruta es undefined
Ruta :htdocs/js/audio.min.js true
Leyendo del pipe 
/css/index.css metodo HTTP:GET
Mapeo de ruta es undefined
Ruta :htdocs/css/index.css true
Leyendo del pipe 
/css/divider.png metodo HTTP:GET
Mapeo de ruta es undefined
Ruta :htdocs/css/divider.png false
/js/player-graphics.gif metodo HTTP:GET
Mapeo de ruta es undefined
Ruta :htdocs/js/player-graphics.gif false
/css/BPreplay-webfont.woff metodo HTTP:GET
Mapeo de ruta es undefined
Ruta :htdocs/css/BPreplay-webfont.woff false
/css/BPreplay-webfont.ttf metodo HTTP:GET
Mapeo de ruta es undefined
Ruta :htdocs/css/BPreplay-webfont.ttf false
/css/BPreplay-webfont.svg metodo HTTP:GET
Mapeo de ruta es undefined
Ruta :htdocs/css/BPreplay-webfont.svg false
/audio.html metodo HTTP:GET
Mapeo de ruta es undefined
Ruta :htdocs/audio.html true
Leyendo del pipe 
/js/audio.min.js metodo HTTP:GET
Mapeo de ruta es undefined
Ruta :htdocs/js/audio.min.js true
Leyendo del pipe 
/css/index.css metodo HTTP:GET
Mapeo de ruta es undefined
Ruta :htdocs/css/index.css true
Leyendo del pipe 
/css/divider.png metodo HTTP:GET
Mapeo de ruta es undefined
Ruta :htdocs/css/divider.png false
/js/player-graphics.gif metodo HTTP:GET
Mapeo de ruta es undefined
Ruta :htdocs/js/player-graphics.gif false
/css/BPreplay-webfont.woff metodo HTTP:GET
Mapeo de ruta es undefined
Ruta :htdocs/css/BPreplay-webfont.woff false
/css/BPreplay-webfont.ttf metodo HTTP:GET
Mapeo de ruta es undefined
Ruta :htdocs/css/BPreplay-webfont.ttf false
/css/BPreplay-webfont.svg metodo HTTP:GET
Mapeo de ruta es undefined
Ruta :htdocs/css/BPreplay-webfont.svg false
/audio.html metodo HTTP:GET
Mapeo de ruta es undefined
Ruta :htdocs/audio.html true
Leyendo del pipe 
/js/audio.min.js metodo HTTP:GET
Mapeo de ruta es undefined
Ruta :htdocs/js/audio.min.js true
Leyendo del pipe 
/css/index.css metodo HTTP:GET
Mapeo de ruta es undefined
Ruta :htdocs/css/index.css true
Leyendo del pipe 
/css/divider.png metodo HTTP:GET
Mapeo de ruta es undefined
Ruta :htdocs/css/divider.png false
/css/BPreplay-webfont.woff metodo HTTP:GET
Mapeo de ruta es undefined
Ruta :htdocs/css/BPreplay-webfont.woff false
/js/player-graphics.gif metodo HTTP:GET
Mapeo de ruta es undefined
Ruta :htdocs/js/player-graphics.gif false
/css/BPreplay-webfont.ttf metodo HTTP:GET
Mapeo de ruta es undefined
Ruta :htdocs/css/BPreplay-webfont.ttf false
/css/BPreplay-webfont.svg metodo HTTP:GET
Mapeo de ruta es undefined
Ruta :htdocs/css/BPreplay-webfont.svg false
/audio.html metodo HTTP:GET
Mapeo de ruta es undefined
Ruta :htdocs/audio.html true
Leyendo del pipe 
/audiojs/audio.min.js metodo HTTP:GET
Mapeo de ruta es undefined
Ruta :htdocs/audiojs/audio.min.js true
Leyendo del pipe 
/css/index.css metodo HTTP:GET
Mapeo de ruta es undefined
Ruta :htdocs/css/index.css true
Leyendo del pipe 
/css/divider.png metodo HTTP:GET
Mapeo de ruta es undefined
Ruta :htdocs/css/divider.png false
/audiojs/player-graphics.gif metodo HTTP:GET
Mapeo de ruta es undefined
Ruta :htdocs/audiojs/player-graphics.gif true
Leyendo del pipe 
/css/BPreplay-webfont.woff metodo HTTP:GET
Mapeo de ruta es undefined
Ruta :htdocs/css/BPreplay-webfont.woff false
/css/BPreplay-webfont.ttf metodo HTTP:GET
Mapeo de ruta es undefined
Ruta :htdocs/css/BPreplay-webfont.ttf false
/css/BPreplay-webfont.svg metodo HTTP:GET
Mapeo de ruta es undefined
Ruta :htdocs/css/BPreplay-webfont.svg false
/almacenamientolocal.html metodo HTTP:GET
Mapeo de ruta es undefined
Ruta :htdocs/almacenamientolocal.html true
Leyendo del pipe 
/baselocal.html metodo HTTP:GET
Mapeo de ruta es undefined
Ruta :htdocs/baselocal.html true
Leyendo del pipe 
/geolocalizacion.html metodo HTTP:GET
Mapeo de ruta es undefined
Ruta :htdocs/geolocalizacion.html true
Leyendo del pipe 
/arrastrarysoltar.html metodo HTTP:GET
Mapeo de ruta es undefined
Ruta :htdocs/arrastrarysoltar.html true
Leyendo del pipe 
/man.jpg metodo HTTP:GET
Mapeo de ruta es undefined
Ruta :htdocs/man.jpg true
Leyendo del pipe 
/inputtypes..html metodo HTTP:GET
Mapeo de ruta es undefined
Ruta :htdocs/inputtypes..html false
/inputtypes.html metodo HTTP:GET
Mapeo de ruta es undefined
Ruta :htdocs/inputtypes.html true
Leyendo del pipe 
/video.html metodo HTTP:GET
Mapeo de ruta es undefined
Ruta :htdocs/video.html true
Leyendo del pipe 
/css/video-js.css metodo HTTP:GET
Mapeo de ruta es undefined
Ruta :htdocs/css/video-js.css true
Leyendo del pipe 
/js/video.js metodo HTTP:GET
Mapeo de ruta es undefined
Ruta :htdocs/js/video.js true
Leyendo del pipe 
/css/font/vjs.woff metodo HTTP:GET
Mapeo de ruta es undefined
Ruta :htdocs/css/font/vjs.woff false
/css/font/vjs.ttf metodo HTTP:GET
Mapeo de ruta es undefined
Ruta :htdocs/css/font/vjs.ttf false
/audio.html metodo HTTP:GET
Mapeo de ruta es undefined
Ruta :htdocs/audio.html true
Leyendo del pipe 
/audiojs/audio.min.js metodo HTTP:GET
Mapeo de ruta es undefined
Ruta :htdocs/audiojs/audio.min.js true
Leyendo del pipe 
/css/index.css metodo HTTP:GET
Mapeo de ruta es undefined
Ruta :htdocs/css/index.css true
Leyendo del pipe 
/css/divider.png metodo HTTP:GET
Mapeo de ruta es undefined
Ruta :htdocs/css/divider.png false
/audiojs/player-graphics.gif metodo HTTP:GET
Mapeo de ruta es undefined
Ruta :htdocs/audiojs/player-graphics.gif true
Leyendo del pipe 
/css/BPreplay-webfont.woff metodo HTTP:GET
Mapeo de ruta es undefined
Ruta :htdocs/css/BPreplay-webfont.woff false
/css/BPreplay-webfont.ttf metodo HTTP:GET
Mapeo de ruta es undefined
Ruta :htdocs/css/BPreplay-webfont.ttf false
/css/BPreplay-webfont.svg metodo HTTP:GET
Mapeo de ruta es undefined
Ruta :htdocs/css/BPreplay-webfont.svg false
/almacenamientolocal.html metodo HTTP:GET
Mapeo de ruta es undefined
Ruta :htdocs/almacenamientolocal.html true
Leyendo del pipe 
/geolocalizacion.html metodo HTTP:GET
Mapeo de ruta es undefined
Ruta :htdocs/geolocalizacion.html true
Leyendo del pipe 
/baselocal.html metodo HTTP:GET
Mapeo de ruta es undefined
Ruta :htdocs/baselocal.html true
Leyendo del pipe 
/aplicationcache.html metodo HTTP:GET
Mapeo de ruta es undefined
Ruta :htdocs/aplicationcache.html true
Leyendo del pipe 
/demo_html.appcache metodo HTTP:GET
Mapeo de ruta es undefined
Ruta :htdocs/demo_html.appcache false
/demo_time.js metodo HTTP:GET
Mapeo de ruta es undefined
Ruta :htdocs/demo_time.js false
/man.jpg metodo HTTP:GET
Mapeo de ruta es undefined
Ruta :htdocs/man.jpg true
Leyendo del pipe 
/arrastrarysoltar.html metodo HTTP:GET
Mapeo de ruta es undefined
Ruta :htdocs/arrastrarysoltar.html true
Leyendo del pipe 
/man.jpg metodo HTTP:GET
Mapeo de ruta es undefined
Ruta :htdocs/man.jpg true
Leyendo del pipe 
/header.html metodo HTTP:GET
Mapeo de ruta es undefined
Ruta :htdocs/header.html true
Leyendo del pipe 
/nav.html metodo HTTP:GET
Mapeo de ruta es undefined
Ruta :htdocs/nav.html true
Leyendo del pipe 
/section.html metodo HTTP:GET
Mapeo de ruta es undefined
Ruta :htdocs/section.html true
Leyendo del pipe 
/article.html metodo HTTP:GET
Mapeo de ruta es undefined
Ruta :htdocs/article.html true
Leyendo del pipe 
/aside.html metodo HTTP:GET
Mapeo de ruta es undefined
Ruta :htdocs/aside.html true
Leyendo del pipe 
/figcaption.html metodo HTTP:GET
Mapeo de ruta es undefined
Ruta :htdocs/figcaption.html true
Leyendo del pipe 
/man.jpg metodo HTTP:GET
Mapeo de ruta es undefined
Ruta :htdocs/man.jpg true
Leyendo del pipe 
/figure.html metodo HTTP:GET
Mapeo de ruta es undefined
Ruta :htdocs/figure.html true
Leyendo del pipe 
/man.jpg metodo HTTP:GET
Mapeo de ruta es undefined
Ruta :htdocs/man.jpg true
Leyendo del pipe 
/footer.html metodo HTTP:GET
Mapeo de ruta es undefined
Ruta :htdocs/footer.html true
Leyendo del pipe 
/inputtypes.html metodo HTTP:GET
Mapeo de ruta es undefined
Ruta :htdocs/inputtypes.html true
Leyendo del pipe 
